<?xml version="1.0" encoding="UTF-8"?>
<!-- Generated by org.testng.reporters.JUnitReportReporter -->
<testsuite hostname="DESKTOP-T2HOR9R" failures="0" tests="1" name="april3.Property_File" time="1.706" errors="0" timestamp="2023-04-20T13:50:48 IST" skipped="0">
  <testcase classname="april3.Property_File" name="varifyLogin" time="1.706"/>
  <system-out>
    <![CDATA[Login success::Dashboard « Stock Accounting    Dashboard « Stock Accounting]]>
  </system-out>
</testsuite> <!-- april3.Property_File -->
