<?xml version="1.0" encoding="UTF-8"?>
<!-- Generated by org.testng.reporters.JUnitReportReporter -->
<testsuite hostname="DESKTOP-T2HOR9R" failures="0" tests="2" name="april3.AdvanceReports" time="16.545" errors="0" timestamp="2023-04-21T06:33:58 IST" skipped="0">
  <testcase classname="april3.AdvanceReports" name="testcase2" time="10.140"/>
  <system-out/>
  <testcase classname="april3.AdvanceReports" name="testcase1" time="6.405"/>
  <system-out/>
</testsuite> <!-- april3.AdvanceReports -->
